[debug] [2023-09-20T14:10:41.758Z] ----------------------------------------------------------------------
[debug] [2023-09-20T14:10:41.760Z] Command:       C:\Program Files\nodejs\node.exe C:\Program Files\nodejs\node_modules\firebase-tools\lib\bin\firebase.js serve --only functions
[debug] [2023-09-20T14:10:41.760Z] CLI Version:   12.5.2
[debug] [2023-09-20T14:10:41.760Z] Platform:      win32
[debug] [2023-09-20T14:10:41.761Z] Node Version:  v16.19.0
[debug] [2023-09-20T14:10:41.761Z] Time:          Wed Sep 20 2023 16:10:41 GMT+0200 (South Africa Standard Time)
[debug] [2023-09-20T14:10:41.761Z] ----------------------------------------------------------------------
[debug] 
[debug] [2023-09-20T14:10:41.848Z] > command requires scopes: ["email","openid","https://www.googleapis.com/auth/cloudplatformprojects.readonly","https://www.googleapis.com/auth/firebase","https://www.googleapis.com/auth/cloud-platform"]
[debug] [2023-09-20T14:10:41.849Z] > authorizing via signed-in user (techteam@xavierafrica.com)
[debug] [2023-09-20T14:10:41.849Z] [iam] checking project diamond-hub-e2534 for permissions ["firebase.projects.get"]
[debug] [2023-09-20T14:10:41.850Z] > refreshing access token with scopes: []
[debug] [2023-09-20T14:10:41.852Z] >>> [apiv2][query] POST https://www.googleapis.com/oauth2/v3/token [none]
[debug] [2023-09-20T14:10:41.852Z] >>> [apiv2][body] POST https://www.googleapis.com/oauth2/v3/token [omitted]
[debug] [2023-09-20T14:10:42.331Z] <<< [apiv2][status] POST https://www.googleapis.com/oauth2/v3/token 200
[debug] [2023-09-20T14:10:42.331Z] <<< [apiv2][body] POST https://www.googleapis.com/oauth2/v3/token [omitted]
[debug] [2023-09-20T14:10:42.347Z] >>> [apiv2][query] POST https://cloudresourcemanager.googleapis.com/v1/projects/diamond-hub-e2534:testIamPermissions [none]
[debug] [2023-09-20T14:10:42.347Z] >>> [apiv2][(partial)header] POST https://cloudresourcemanager.googleapis.com/v1/projects/diamond-hub-e2534:testIamPermissions x-goog-quota-user=projects/diamond-hub-e2534
[debug] [2023-09-20T14:10:42.347Z] >>> [apiv2][body] POST https://cloudresourcemanager.googleapis.com/v1/projects/diamond-hub-e2534:testIamPermissions {"permissions":["firebase.projects.get"]}
[debug] [2023-09-20T14:10:44.360Z] <<< [apiv2][status] POST https://cloudresourcemanager.googleapis.com/v1/projects/diamond-hub-e2534:testIamPermissions 200
[debug] [2023-09-20T14:10:44.360Z] <<< [apiv2][body] POST https://cloudresourcemanager.googleapis.com/v1/projects/diamond-hub-e2534:testIamPermissions {"permissions":["firebase.projects.get"]}
[debug] [2023-09-20T14:10:44.361Z] >>> [apiv2][query] GET https://firebase.googleapis.com/v1beta1/projects/diamond-hub-e2534 [none]
[debug] [2023-09-20T14:10:44.961Z] <<< [apiv2][status] GET https://firebase.googleapis.com/v1beta1/projects/diamond-hub-e2534 200
[debug] [2023-09-20T14:10:44.961Z] <<< [apiv2][body] GET https://firebase.googleapis.com/v1beta1/projects/diamond-hub-e2534 {"projectId":"diamond-hub-e2534","projectNumber":"975774608570","displayName":"diamond hub","name":"projects/diamond-hub-e2534","resources":{"hostingSite":"diamond-hub-e2534"},"state":"ACTIVE","etag":"1_96636627-5520-4221-8058-82a9c7582b48"}
[debug] [2023-09-20T14:10:44.964Z] defaultcredentials: writing to file C:\Users\Withus Pro Chivs\AppData\Roaming\firebase\techteam_xavierafrica_com_application_default_credentials.json
[debug] [2023-09-20T14:10:44.968Z] Setting GAC to C:\Users\Withus Pro Chivs\AppData\Roaming\firebase\techteam_xavierafrica_com_application_default_credentials.json {"metadata":{"emulator":{"name":"functions"},"message":"Setting GAC to C:\\Users\\Withus Pro Chivs\\AppData\\Roaming\\firebase\\techteam_xavierafrica_com_application_default_credentials.json"}}
[debug] [2023-09-20T14:10:44.970Z] >>> [apiv2][query] GET https://firebase.googleapis.com/v1beta1/projects/diamond-hub-e2534/adminSdkConfig [none]
[debug] [2023-09-20T14:10:45.575Z] <<< [apiv2][status] GET https://firebase.googleapis.com/v1beta1/projects/diamond-hub-e2534/adminSdkConfig 200
[debug] [2023-09-20T14:10:45.575Z] <<< [apiv2][body] GET https://firebase.googleapis.com/v1beta1/projects/diamond-hub-e2534/adminSdkConfig {"projectId":"diamond-hub-e2534","storageBucket":"diamond-hub-e2534.appspot.com"}
[info] i  functions: Watching "C:\Users\Withus Pro Chivs\Desktop\Diamond-HUB-Services-Hackathon\frontend\functions" for Cloud Functions... {"metadata":{"emulator":{"name":"functions"},"message":"Watching \"C:\\Users\\Withus Pro Chivs\\Desktop\\Diamond-HUB-Services-Hackathon\\frontend\\functions\" for Cloud Functions..."}}
[debug] [2023-09-20T14:10:45.596Z] Validating nodejs source
[debug] [2023-09-20T14:10:46.568Z] > [functions] package.json contents: {
  "name": "functions",
  "description": "Cloud Functions for Firebase",
  "scripts": {
    "lint": "eslint .",
    "serve": "firebase emulators:start --only functions",
    "shell": "firebase functions:shell",
    "start": "npm run shell",
    "deploy": "firebase deploy --only functions",
    "logs": "firebase functions:log"
  },
  "engines": {
    "node": "18"
  },
  "main": "index.js",
  "dependencies": {
    "cors": "^2.8.5",
    "express": "^4.18.2",
    "firebase-admin": "^11.8.0",
    "firebase-functions": "^4.3.1",
    "morgan": "^1.10.0",
    "node-mailer": "^0.1.1"
  },
  "devDependencies": {
    "eslint": "^8.49.0",
    "eslint-config-google": "^0.14.0",
    "firebase-functions-test": "^3.1.0"
  },
  "private": true
}
[debug] [2023-09-20T14:10:46.568Z] Building nodejs source
[debug] [2023-09-20T14:10:46.569Z] Failed to find version of module node: reached end of search path C:\Users\Withus Pro Chivs\Desktop\Diamond-HUB-Services-Hackathon\frontend\functions\node_modules
[warn] !  functions: Your requested "node" version "18" doesn't match your global version "16". Using node@16 from host. 
[debug] [2023-09-20T14:10:46.572Z] Could not find functions.yaml. Must use http discovery
[debug] [2023-09-20T14:10:46.583Z] Found firebase-functions binary at 'C:\Users\Withus Pro Chivs\Desktop\Diamond-HUB-Services-Hackathon\frontend\functions\node_modules\.bin\firebase-functions'
[info] Serving at port 8857

[debug] [2023-09-20T14:10:52.958Z] Got response from /__/functions.yaml {"endpoints":{"api":{"platform":"gcfv1","availableMemoryMb":null,"timeoutSeconds":null,"minInstances":null,"maxInstances":null,"ingressSettings":null,"serviceAccountEmail":null,"vpc":null,"httpsTrigger":{},"entryPoint":"api"}},"specVersion":"v1alpha1","requiredAPIs":[]}
[info] shutdown requested via /__/quitquitquit

[info] +  functions: Loaded functions definitions from source: api. {"metadata":{"emulator":{"name":"functions"},"message":"Loaded functions definitions from source: api."}}
[info] +  functions[us-central1-api]: http function initialized (http://localhost:5000/diamond-hub-e2534/us-central1/api). {"metadata":{"emulator":{"name":"functions"},"message":"\u001b[1mhttp\u001b[22m function initialized (http://localhost:5000/diamond-hub-e2534/us-central1/api)."}}
